<?xml version="1.0" encoding="UTF-8"?>
<!-- Generated by org.testng.reporters.JUnitReportReporter -->
<testsuite hostname="Harikrishna" failures="0" tests="1" name="driverFactory.TestScript" time="203.443" errors="0" timestamp="2024-09-23T11:52:52 IST" skipped="0">
  <testcase classname="driverFactory.TestScript" name="startTest" time="203.443">
    <system-out>
      <![CDATA[No of rows are::9
Customer Add Success::Customer-00000010755    Customer-00000010755
Customer Add Success::Customer-00000010756    Customer-00000010756
Customer Add Fail::Customer-00000010757    Customer-00000010030
Customer Add Success::Customer-00000010758    Customer-00000010758
Customer Add Success::Customer-00000010759    Customer-00000010759
Customer Add Success::Customer-00000010760    Customer-00000010760
Customer Add Success::Customer-00000010761    Customer-00000010761
Customer Add Success::Customer-00000010762    Customer-00000010762
Customer Add Success::Customer-00000010763    Customer-00000010763]]>
    </system-out>
  </testcase> <!-- startTest -->
  <system-out>
    <![CDATA[No of rows are::9
Customer Add Success::Customer-00000010755    Customer-00000010755
Customer Add Success::Customer-00000010756    Customer-00000010756
Customer Add Fail::Customer-00000010757    Customer-00000010030
Customer Add Success::Customer-00000010758    Customer-00000010758
Customer Add Success::Customer-00000010759    Customer-00000010759
Customer Add Success::Customer-00000010760    Customer-00000010760
Customer Add Success::Customer-00000010761    Customer-00000010761
Customer Add Success::Customer-00000010762    Customer-00000010762
Customer Add Success::Customer-00000010763    Customer-00000010763]]>
  </system-out>
</testsuite> <!-- driverFactory.TestScript -->
