<?xml version="1.0" encoding="UTF-8"?>
<!-- Generated by org.testng.reporters.JUnitReportReporter -->
<testsuite hostname="Harikrishna" failures="0" tests="1" name="driverFactory.DriverScript" time="48.234" errors="0" timestamp="2024-09-21T09:56:12 IST" skipped="0">
  <testcase classname="driverFactory.DriverScript" name="starttest" time="48.234">
    <system-out>
      <![CDATA[No of rows are::8
Valid username and password::dashboard    http://webapp.qedgetech.com/dashboard.php
Incorrect user ID or password    dashboard   http://webapp.qedgetech.com/login.php
Valid username and password::dashboard    http://webapp.qedgetech.com/dashboard.php
Incorrect user ID or password    dashboard   http://webapp.qedgetech.com/login.php
Valid username and password::dashboard    http://webapp.qedgetech.com/dashboard.php
Valid username and password::dashboard    http://webapp.qedgetech.com/dashboard.php
Valid username and password::dashboard    http://webapp.qedgetech.com/dashboard.php
Valid username and password::dashboard    http://webapp.qedgetech.com/dashboard.php]]>
    </system-out>
  </testcase> <!-- starttest -->
  <system-out>
    <![CDATA[No of rows are::8
Valid username and password::dashboard    http://webapp.qedgetech.com/dashboard.php
Incorrect user ID or password    dashboard   http://webapp.qedgetech.com/login.php
Valid username and password::dashboard    http://webapp.qedgetech.com/dashboard.php
Incorrect user ID or password    dashboard   http://webapp.qedgetech.com/login.php
Valid username and password::dashboard    http://webapp.qedgetech.com/dashboard.php
Valid username and password::dashboard    http://webapp.qedgetech.com/dashboard.php
Valid username and password::dashboard    http://webapp.qedgetech.com/dashboard.php
Valid username and password::dashboard    http://webapp.qedgetech.com/dashboard.php]]>
  </system-out>
</testsuite> <!-- driverFactory.DriverScript -->
